<?xml version="1.0" encoding="UTF-8" ?>
<testsuite errors="0" failures="1" hostname="MZ-PC" name="cn.jxsme.hj.test.twoTestTest" tests="4" time="0.153" timestamp="2009-05-03T09:29:15">
  <properties>
[...]
</properties>
  <testcase classname="cn.jxsme.hj.test.twoTestTest" name="testSum" time="0.0040" />
  <testcase classname="cn.jxsme.hj.test.twoTestTest" name="testMinu" time="0.0010" />
  <testcase classname="cn.jxsme.hj.test.twoTestTest" name="testRide" time="0.0010" />
  <testcase classname="cn.jxsme.hj.test.twoTestTest" name="testEx" time="0.011">
    <failure message="this is method Ex expected:&lt;2&gt; but was:&lt;0&gt;" type="junit.framework.AssertionFailedError">junit.framework.AssertionFailedError: this is method Ex expected:&lt;2&gt; but was:&lt;0&gt;
	at cn.jxsme.hj.test.twoTestTest.testEx(Unknown Source)
</failure>
  </testcase>
  <system-out><![CDATA[]]></system-out>
  <system-err><![CDATA[]]></system-err>
</testsuite>
