<?xml version="1.0" encoding="UTF-8" ?>
<testsuite errors="0" failures="0" hostname="MZ-PC" name="com.test.JUnit4.CalculatorTest" tests="6" time="0.135" timestamp="2009-05-03T10:56:17">
  <properties>
[...]
</properties>
  <testcase classname="com.test.JUnit4.CalculatorTest" name="testAdd" time="0.0050" />
  <testcase classname="com.test.JUnit4.CalculatorTest" name="testMinus" time="0.0040" />
  <testcase classname="com.test.JUnit4.CalculatorTest" name="testMultiply" time="0.0" />
  <testcase classname="com.test.JUnit4.CalculatorTest" name="testDivide" time="0.0" />
  <testcase classname="com.test.JUnit4.CalculatorTest" name="testDivide2" time="0.0010" />
  <testcase classname="com.test.JUnit4.CalculatorTest" name="testDivid3" time="0.0090" />
  <system-out><![CDATA[]]></system-out>
  <system-err><![CDATA[]]></system-err>
</testsuite>
